2020-11-23T15:02:37+00:00 CRITICAL Uncaught Error: Call to a member function get_image_id() on string in /var/www/html/Dasher/wp-content/themes/Dasher/woocommerce/single-product.php:53
Stack trace:
#0 /var/www/html/Dasher/wp-includes/template-loader.php(78): include()
#1 /var/www/html/Dasher/wp-blog-header.php(19): require_once('/var/www/html/D...')
#2 /var/www/html/Dasher/index.php(17): require('/var/www/html/D...')
#3 {main}
  thrown en /var/www/html/Dasher/wp-content/themes/Dasher/woocommerce/single-product.php en la línea 53

2020-11-23T15:04:49+00:00 CRITICAL Uncaught Error: Call to a member function get_image_id() on string in /var/www/html/Dasher/wp-content/themes/Dasher/woocommerce/single-product.php:52
Stack trace:
#0 /var/www/html/Dasher/wp-includes/template-loader.php(78): include()
#1 /var/www/html/Dasher/wp-blog-header.php(19): require_once('/var/www/html/D...')
#2 /var/www/html/Dasher/index.php(17): require('/var/www/html/D...')
#3 {main}
  thrown en /var/www/html/Dasher/wp-content/themes/Dasher/woocommerce/single-product.php en la línea 52

2020-11-23T15:05:45+00:00 CRITICAL Uncaught Error: Call to a member function get_image_id() on string in /var/www/html/Dasher/wp-content/themes/Dasher/woocommerce/single-product.php:53
Stack trace:
#0 /var/www/html/Dasher/wp-includes/template-loader.php(78): include()
#1 /var/www/html/Dasher/wp-blog-header.php(19): require_once('/var/www/html/D...')
#2 /var/www/html/Dasher/index.php(17): require('/var/www/html/D...')
#3 {main}
  thrown en /var/www/html/Dasher/wp-content/themes/Dasher/woocommerce/single-product.php en la línea 53

2020-11-23T15:08:19+00:00 CRITICAL Uncaught Error: Call to a member function is_on_sale() on string in /var/www/html/Dasher/wp-content/themes/Dasher/woocommerce/single-product/sale-flash.php:25
Stack trace:
#0 /var/www/html/Dasher/wp-content/plugins/woocommerce/includes/wc-core-functions.php(344): include()
#1 /var/www/html/Dasher/wp-content/plugins/woocommerce/includes/wc-template-functions.php(1565): wc_get_template('single-product/...')
#2 /var/www/html/Dasher/wp-includes/class-wp-hook.php(286): woocommerce_show_product_sale_flash('')
#3 /var/www/html/Dasher/wp-includes/class-wp-hook.php(310): WP_Hook->apply_filters('', Array)
#4 /var/www/html/Dasher/wp-includes/plugin.php(465): WP_Hook->do_action(Array)
#5 /var/www/html/Dasher/wp-content/themes/Dasher/woocommerce/single-product.php(57): do_action('woocommerce_bef...')
#6 /var/www/html/Dasher/wp-includes/template-loader.php(78): include('/var/www/html/D...')
#7 /var/www/html/Dasher/wp-blog-header.php(19): require_once('/var/www/html/D...')
#8 /var/www/html/Dasher/index.php(17): require('/va en /var/www/html/Dasher/wp-content/themes/Dasher/woocommerce/single-product/sale-flash.php en la línea 25

2020-11-23T15:08:40+00:00 CRITICAL Uncaught Error: Call to a member function get_rating_count() on string in /var/www/html/Dasher/wp-content/themes/Dasher/woocommerce/single-product/rating.php:28
Stack trace:
#0 /var/www/html/Dasher/wp-content/plugins/woocommerce/includes/wc-core-functions.php(344): include()
#1 /var/www/html/Dasher/wp-content/plugins/woocommerce/includes/wc-template-functions.php(1519): wc_get_template('single-product/...')
#2 /var/www/html/Dasher/wp-includes/class-wp-hook.php(286): woocommerce_template_single_rating('')
#3 /var/www/html/Dasher/wp-includes/class-wp-hook.php(310): WP_Hook->apply_filters(NULL, Array)
#4 /var/www/html/Dasher/wp-includes/plugin.php(465): WP_Hook->do_action(Array)
#5 /var/www/html/Dasher/wp-content/themes/Dasher/woocommerce/single-product.php(64): do_action('woocommerce_sin...')
#6 /var/www/html/Dasher/wp-includes/template-loader.php(78): include('/var/www/html/D...')
#7 /var/www/html/Dasher/wp-blog-header.php(19): require_once('/var/www/html/D...')
#8 /var/www/html/Dasher/index.php(17): require(' en /var/www/html/Dasher/wp-content/themes/Dasher/woocommerce/single-product/rating.php en la línea 28

2020-11-23T15:10:23+00:00 CRITICAL Uncaught Error: Call to a member function get_gallery_image_ids() on string in /var/www/html/Dasher/wp-content/themes/Dasher/woocommerce/single-product.php:51
Stack trace:
#0 /var/www/html/Dasher/wp-includes/template-loader.php(78): include()
#1 /var/www/html/Dasher/wp-blog-header.php(19): require_once('/var/www/html/D...')
#2 /var/www/html/Dasher/index.php(17): require('/var/www/html/D...')
#3 {main}
  thrown en /var/www/html/Dasher/wp-content/themes/Dasher/woocommerce/single-product.php en la línea 51

2020-11-23T15:10:27+00:00 CRITICAL Uncaught Error: Call to a member function get_gallery_image_ids() on string in /var/www/html/Dasher/wp-content/themes/Dasher/woocommerce/single-product.php:51
Stack trace:
#0 /var/www/html/Dasher/wp-includes/template-loader.php(78): include()
#1 /var/www/html/Dasher/wp-blog-header.php(19): require_once('/var/www/html/D...')
#2 /var/www/html/Dasher/index.php(17): require('/var/www/html/D...')
#3 {main}
  thrown en /var/www/html/Dasher/wp-content/themes/Dasher/woocommerce/single-product.php en la línea 51

2020-11-23T15:11:29+00:00 CRITICAL Uncaught Error: Call to a member function get_price_html() on string in /var/www/html/Dasher/wp-content/themes/Dasher/woocommerce/single-product.php:53
Stack trace:
#0 /var/www/html/Dasher/wp-includes/template-loader.php(78): include()
#1 /var/www/html/Dasher/wp-blog-header.php(19): require_once('/var/www/html/D...')
#2 /var/www/html/Dasher/index.php(17): require('/var/www/html/D...')
#3 {main}
  thrown en /var/www/html/Dasher/wp-content/themes/Dasher/woocommerce/single-product.php en la línea 53

